[2.112s] Invoking command in '/home/manolo/rhino_ws/src/rhino_description': DEBUGINFOD_URLS=https://debuginfod.ubuntu.com PYTHONPATH=/home/manolo/rhino_ws/build/rhino_description/prefix_override:/usr/lib/python3/dist-packages/colcon_core/task/python/colcon_distutils_commands:/home/manolo/rhino_ws/install/rhino_description/lib/python3.12/site-packages:${PYTHONPATH} /usr/bin/python3 -W ignore:setup.py install is deprecated -W ignore:easy_install command is deprecated setup.py egg_info --egg-base ../../build/rhino_description build --build-base /home/manolo/rhino_ws/build/rhino_description/build install --record /home/manolo/rhino_ws/build/rhino_description/install.log --single-version-externally-managed install_data
[2.830s] running egg_info
[2.880s] writing ../../build/rhino_description/rhino_description.egg-info/PKG-INFO
[2.880s] writing dependency_links to ../../build/rhino_description/rhino_description.egg-info/dependency_links.txt
[2.881s] writing entry points to ../../build/rhino_description/rhino_description.egg-info/entry_points.txt
[2.881s] writing requirements to ../../build/rhino_description/rhino_description.egg-info/requires.txt
[2.881s] writing top-level names to ../../build/rhino_description/rhino_description.egg-info/top_level.txt
[2.984s] reading manifest file '../../build/rhino_description/rhino_description.egg-info/SOURCES.txt'
[2.987s] writing manifest file '../../build/rhino_description/rhino_description.egg-info/SOURCES.txt'
[2.987s] running build
[2.987s] running build_py
[2.988s] running install
[3.009s] running install_lib
[3.059s] running install_data
[3.060s] copying description/rhino.urdf -> /home/manolo/rhino_ws/install/rhino_description/share/rhino_description/description
[3.061s] running install_egg_info
[3.109s] removing '/home/manolo/rhino_ws/install/rhino_description/lib/python3.12/site-packages/rhino_description-0.0.0-py3.12.egg-info' (and everything under it)
[3.110s] Copying ../../build/rhino_description/rhino_description.egg-info to /home/manolo/rhino_ws/install/rhino_description/lib/python3.12/site-packages/rhino_description-0.0.0-py3.12.egg-info
[3.111s] running install_scripts
[3.444s] Installing JointControl script to /home/manolo/rhino_ws/install/rhino_description/lib/rhino_description
[3.445s] Installing NewControl script to /home/manolo/rhino_ws/install/rhino_description/lib/rhino_description
[3.445s] Installing SerialToJointState script to /home/manolo/rhino_ws/install/rhino_description/lib/rhino_description
[3.445s] writing list of installed files to '/home/manolo/rhino_ws/build/rhino_description/install.log'
[3.510s] Invoked command in '/home/manolo/rhino_ws/src/rhino_description' returned '0': DEBUGINFOD_URLS=https://debuginfod.ubuntu.com PYTHONPATH=/home/manolo/rhino_ws/build/rhino_description/prefix_override:/usr/lib/python3/dist-packages/colcon_core/task/python/colcon_distutils_commands:/home/manolo/rhino_ws/install/rhino_description/lib/python3.12/site-packages:${PYTHONPATH} /usr/bin/python3 -W ignore:setup.py install is deprecated -W ignore:easy_install command is deprecated setup.py egg_info --egg-base ../../build/rhino_description build --build-base /home/manolo/rhino_ws/build/rhino_description/build install --record /home/manolo/rhino_ws/build/rhino_description/install.log --single-version-externally-managed install_data
