[2.091s] Invoking command in '/home/manolo/rhino_ws/src/rhino_description': DEBUGINFOD_URLS=https://debuginfod.ubuntu.com PYTHONPATH=/home/manolo/rhino_ws/build/rhino_description/prefix_override:/usr/lib/python3/dist-packages/colcon_core/task/python/colcon_distutils_commands:/home/manolo/rhino_ws/install/rhino_description/lib/python3.12/site-packages:${PYTHONPATH} /usr/bin/python3 -W ignore:setup.py install is deprecated -W ignore:easy_install command is deprecated setup.py egg_info --egg-base ../../build/rhino_description build --build-base /home/manolo/rhino_ws/build/rhino_description/build install --record /home/manolo/rhino_ws/build/rhino_description/install.log --single-version-externally-managed install_data
[2.786s] running egg_info
[2.833s] writing ../../build/rhino_description/rhino_description.egg-info/PKG-INFO
[2.834s] writing dependency_links to ../../build/rhino_description/rhino_description.egg-info/dependency_links.txt
[2.834s] writing entry points to ../../build/rhino_description/rhino_description.egg-info/entry_points.txt
[2.834s] writing requirements to ../../build/rhino_description/rhino_description.egg-info/requires.txt
[2.835s] writing top-level names to ../../build/rhino_description/rhino_description.egg-info/top_level.txt
[2.933s] reading manifest file '../../build/rhino_description/rhino_description.egg-info/SOURCES.txt'
[2.937s] writing manifest file '../../build/rhino_description/rhino_description.egg-info/SOURCES.txt'
[2.938s] running build
[2.938s] running build_py
[2.939s] running install
[2.960s] running install_lib
[3.009s] running install_data
[3.010s] running install_egg_info
[3.066s] removing '/home/manolo/rhino_ws/install/rhino_description/lib/python3.12/site-packages/rhino_description-0.0.0-py3.12.egg-info' (and everything under it)
[3.066s] Copying ../../build/rhino_description/rhino_description.egg-info to /home/manolo/rhino_ws/install/rhino_description/lib/python3.12/site-packages/rhino_description-0.0.0-py3.12.egg-info
[3.067s] running install_scripts
[3.392s] Installing JointControl script to /home/manolo/rhino_ws/install/rhino_description/lib/rhino_description
[3.392s] Installing NewControl script to /home/manolo/rhino_ws/install/rhino_description/lib/rhino_description
[3.392s] Installing SerialToJointState script to /home/manolo/rhino_ws/install/rhino_description/lib/rhino_description
[3.393s] writing list of installed files to '/home/manolo/rhino_ws/build/rhino_description/install.log'
[3.463s] Invoked command in '/home/manolo/rhino_ws/src/rhino_description' returned '0': DEBUGINFOD_URLS=https://debuginfod.ubuntu.com PYTHONPATH=/home/manolo/rhino_ws/build/rhino_description/prefix_override:/usr/lib/python3/dist-packages/colcon_core/task/python/colcon_distutils_commands:/home/manolo/rhino_ws/install/rhino_description/lib/python3.12/site-packages:${PYTHONPATH} /usr/bin/python3 -W ignore:setup.py install is deprecated -W ignore:easy_install command is deprecated setup.py egg_info --egg-base ../../build/rhino_description build --build-base /home/manolo/rhino_ws/build/rhino_description/build install --record /home/manolo/rhino_ws/build/rhino_description/install.log --single-version-externally-managed install_data
