[1.140s] Invoking command in '/home/manolo/rhino_ws/src/rhino_description': DEBUGINFOD_URLS=https://debuginfod.ubuntu.com PYTHONPATH=/home/manolo/rhino_ws/build/rhino_description/prefix_override:/usr/lib/python3/dist-packages/colcon_core/task/python/colcon_distutils_commands:/home/manolo/rhino_ws/install/rhino_description/lib/python3.12/site-packages:${PYTHONPATH} /usr/bin/python3 -W ignore:setup.py install is deprecated -W ignore:easy_install command is deprecated setup.py egg_info --egg-base ../../build/rhino_description build --build-base /home/manolo/rhino_ws/build/rhino_description/build install --record /home/manolo/rhino_ws/build/rhino_description/install.log --single-version-externally-managed install_data
[1.563s] running egg_info
[1.582s] writing ../../build/rhino_description/rhino_description.egg-info/PKG-INFO
[1.582s] writing dependency_links to ../../build/rhino_description/rhino_description.egg-info/dependency_links.txt
[1.582s] writing entry points to ../../build/rhino_description/rhino_description.egg-info/entry_points.txt
[1.582s] writing requirements to ../../build/rhino_description/rhino_description.egg-info/requires.txt
[1.582s] writing top-level names to ../../build/rhino_description/rhino_description.egg-info/top_level.txt
[1.623s] reading manifest file '../../build/rhino_description/rhino_description.egg-info/SOURCES.txt'
[1.625s] writing manifest file '../../build/rhino_description/rhino_description.egg-info/SOURCES.txt'
[1.625s] running build
[1.625s] running build_py
[1.625s] copying rhino_description/NewControl.py -> /home/manolo/rhino_ws/build/rhino_description/build/lib/rhino_description
[1.625s] running install
[1.634s] running install_lib
[1.654s] copying /home/manolo/rhino_ws/build/rhino_description/build/lib/rhino_description/NewControl.py -> /home/manolo/rhino_ws/install/rhino_description/lib/python3.12/site-packages/rhino_description
[1.654s] byte-compiling /home/manolo/rhino_ws/install/rhino_description/lib/python3.12/site-packages/rhino_description/NewControl.py to NewControl.cpython-312.pyc
[1.656s] running install_data
[1.656s] copying launch/test_rhino_rviz.launch.py -> /home/manolo/rhino_ws/install/rhino_description/share/rhino_description/launch
[1.656s] running install_egg_info
[1.677s] removing '/home/manolo/rhino_ws/install/rhino_description/lib/python3.12/site-packages/rhino_description-0.0.0-py3.12.egg-info' (and everything under it)
[1.677s] Copying ../../build/rhino_description/rhino_description.egg-info to /home/manolo/rhino_ws/install/rhino_description/lib/python3.12/site-packages/rhino_description-0.0.0-py3.12.egg-info
[1.678s] running install_scripts
[1.815s] Installing JointControl script to /home/manolo/rhino_ws/install/rhino_description/lib/rhino_description
[1.815s] Installing NewControl script to /home/manolo/rhino_ws/install/rhino_description/lib/rhino_description
[1.816s] Installing SerialToJointState script to /home/manolo/rhino_ws/install/rhino_description/lib/rhino_description
[1.816s] writing list of installed files to '/home/manolo/rhino_ws/build/rhino_description/install.log'
[1.847s] Invoked command in '/home/manolo/rhino_ws/src/rhino_description' returned '0': DEBUGINFOD_URLS=https://debuginfod.ubuntu.com PYTHONPATH=/home/manolo/rhino_ws/build/rhino_description/prefix_override:/usr/lib/python3/dist-packages/colcon_core/task/python/colcon_distutils_commands:/home/manolo/rhino_ws/install/rhino_description/lib/python3.12/site-packages:${PYTHONPATH} /usr/bin/python3 -W ignore:setup.py install is deprecated -W ignore:easy_install command is deprecated setup.py egg_info --egg-base ../../build/rhino_description build --build-base /home/manolo/rhino_ws/build/rhino_description/build install --record /home/manolo/rhino_ws/build/rhino_description/install.log --single-version-externally-managed install_data
