[0.798s] Invoking command in '/home/manolo/rhino_ws/src/rhino_description': DEBUGINFOD_URLS=https://debuginfod.ubuntu.com PYTHONPATH=/home/manolo/rhino_ws/build/rhino_description/prefix_override:/usr/lib/python3/dist-packages/colcon_core/task/python/colcon_distutils_commands:/home/manolo/rhino_ws/install/rhino_description/lib/python3.12/site-packages:${PYTHONPATH} /usr/bin/python3 -W ignore:setup.py install is deprecated -W ignore:easy_install command is deprecated setup.py egg_info --egg-base ../../build/rhino_description build --build-base /home/manolo/rhino_ws/build/rhino_description/build install --record /home/manolo/rhino_ws/build/rhino_description/install.log --single-version-externally-managed install_data
[0.962s] running egg_info
[0.973s] writing ../../build/rhino_description/rhino_description.egg-info/PKG-INFO
[0.976s] writing dependency_links to ../../build/rhino_description/rhino_description.egg-info/dependency_links.txt
[0.976s] writing entry points to ../../build/rhino_description/rhino_description.egg-info/entry_points.txt
[0.976s] writing requirements to ../../build/rhino_description/rhino_description.egg-info/requires.txt
[0.976s] writing top-level names to ../../build/rhino_description/rhino_description.egg-info/top_level.txt
[0.998s] reading manifest file '../../build/rhino_description/rhino_description.egg-info/SOURCES.txt'
[0.999s] writing manifest file '../../build/rhino_description/rhino_description.egg-info/SOURCES.txt'
[0.999s] running build
[0.999s] running build_py
[1.001s] copying rhino_description/expo.py -> /home/manolo/rhino_ws/build/rhino_description/build/lib/rhino_description
[1.001s] copying rhino_description/rutinaa.py -> /home/manolo/rhino_ws/build/rhino_description/build/lib/rhino_description
[1.001s] copying rhino_description/NewControl.py -> /home/manolo/rhino_ws/build/rhino_description/build/lib/rhino_description
[1.002s] copying rhino_description/Rhino_Menu.py -> /home/manolo/rhino_ws/build/rhino_description/build/lib/rhino_description
[1.002s] copying rhino_description/expo2.py -> /home/manolo/rhino_ws/build/rhino_description/build/lib/rhino_description
[1.002s] running install
[1.006s] running install_lib
[1.017s] copying /home/manolo/rhino_ws/build/rhino_description/build/lib/rhino_description/expo.py -> /home/manolo/rhino_ws/install/rhino_description/lib/python3.12/site-packages/rhino_description
[1.017s] copying /home/manolo/rhino_ws/build/rhino_description/build/lib/rhino_description/rutinaa.py -> /home/manolo/rhino_ws/install/rhino_description/lib/python3.12/site-packages/rhino_description
[1.017s] copying /home/manolo/rhino_ws/build/rhino_description/build/lib/rhino_description/NewControl.py -> /home/manolo/rhino_ws/install/rhino_description/lib/python3.12/site-packages/rhino_description
[1.017s] copying /home/manolo/rhino_ws/build/rhino_description/build/lib/rhino_description/Rhino_Menu.py -> /home/manolo/rhino_ws/install/rhino_description/lib/python3.12/site-packages/rhino_description
[1.018s] copying /home/manolo/rhino_ws/build/rhino_description/build/lib/rhino_description/expo2.py -> /home/manolo/rhino_ws/install/rhino_description/lib/python3.12/site-packages/rhino_description
[1.018s] byte-compiling /home/manolo/rhino_ws/install/rhino_description/lib/python3.12/site-packages/rhino_description/expo.py to expo.cpython-312.pyc
[1.019s] byte-compiling /home/manolo/rhino_ws/install/rhino_description/lib/python3.12/site-packages/rhino_description/rutinaa.py to rutinaa.cpython-312.pyc
[1.020s] byte-compiling /home/manolo/rhino_ws/install/rhino_description/lib/python3.12/site-packages/rhino_description/NewControl.py to NewControl.cpython-312.pyc
[1.020s] byte-compiling /home/manolo/rhino_ws/install/rhino_description/lib/python3.12/site-packages/rhino_description/Rhino_Menu.py to Rhino_Menu.cpython-312.pyc
[1.021s] byte-compiling /home/manolo/rhino_ws/install/rhino_description/lib/python3.12/site-packages/rhino_description/expo2.py to expo2.cpython-312.pyc
[1.022s] running install_data
[1.022s] copying description/rhino.urdf -> /home/manolo/rhino_ws/install/rhino_description/share/rhino_description/description
[1.022s] copying launch/test_rhino_rviz.launch.py -> /home/manolo/rhino_ws/install/rhino_description/share/rhino_description/launch
[1.022s] running install_egg_info
[1.034s] removing '/home/manolo/rhino_ws/install/rhino_description/lib/python3.12/site-packages/rhino_description-0.0.0-py3.12.egg-info' (and everything under it)
[1.034s] Copying ../../build/rhino_description/rhino_description.egg-info to /home/manolo/rhino_ws/install/rhino_description/lib/python3.12/site-packages/rhino_description-0.0.0-py3.12.egg-info
[1.035s] running install_scripts
[1.110s] Installing JointControl script to /home/manolo/rhino_ws/install/rhino_description/lib/rhino_description
[1.111s] Installing NewControl script to /home/manolo/rhino_ws/install/rhino_description/lib/rhino_description
[1.111s] Installing SerialToJointState script to /home/manolo/rhino_ws/install/rhino_description/lib/rhino_description
[1.111s] writing list of installed files to '/home/manolo/rhino_ws/build/rhino_description/install.log'
[1.128s] Invoked command in '/home/manolo/rhino_ws/src/rhino_description' returned '0': DEBUGINFOD_URLS=https://debuginfod.ubuntu.com PYTHONPATH=/home/manolo/rhino_ws/build/rhino_description/prefix_override:/usr/lib/python3/dist-packages/colcon_core/task/python/colcon_distutils_commands:/home/manolo/rhino_ws/install/rhino_description/lib/python3.12/site-packages:${PYTHONPATH} /usr/bin/python3 -W ignore:setup.py install is deprecated -W ignore:easy_install command is deprecated setup.py egg_info --egg-base ../../build/rhino_description build --build-base /home/manolo/rhino_ws/build/rhino_description/build install --record /home/manolo/rhino_ws/build/rhino_description/install.log --single-version-externally-managed install_data
