running egg_info
writing ../../build/rhino_description/rhino_description.egg-info/PKG-INFO
writing dependency_links to ../../build/rhino_description/rhino_description.egg-info/dependency_links.txt
writing entry points to ../../build/rhino_description/rhino_description.egg-info/entry_points.txt
writing requirements to ../../build/rhino_description/rhino_description.egg-info/requires.txt
writing top-level names to ../../build/rhino_description/rhino_description.egg-info/top_level.txt
reading manifest file '../../build/rhino_description/rhino_description.egg-info/SOURCES.txt'
writing manifest file '../../build/rhino_description/rhino_description.egg-info/SOURCES.txt'
running build
running build_py
copying rhino_description/Mewctrl.py -> /home/manulp/Desktop/rhino_ws/build/rhino_description/build/lib/rhino_description
running install
running install_lib
copying /home/manulp/Desktop/rhino_ws/build/rhino_description/build/lib/rhino_description/Mewctrl.py -> /home/manulp/Desktop/rhino_ws/install/rhino_description/lib/python3.12/site-packages/rhino_description
byte-compiling /home/manulp/Desktop/rhino_ws/install/rhino_description/lib/python3.12/site-packages/rhino_description/Mewctrl.py to Mewctrl.cpython-312.pyc
running install_data
running install_egg_info
removing '/home/manulp/Desktop/rhino_ws/install/rhino_description/lib/python3.12/site-packages/rhino_description-0.0.0-py3.12.egg-info' (and everything under it)
Copying ../../build/rhino_description/rhino_description.egg-info to /home/manulp/Desktop/rhino_ws/install/rhino_description/lib/python3.12/site-packages/rhino_description-0.0.0-py3.12.egg-info
running install_scripts
Installing JointControl script to /home/manulp/Desktop/rhino_ws/install/rhino_description/lib/rhino_description
Installing NewControl script to /home/manulp/Desktop/rhino_ws/install/rhino_description/lib/rhino_description
Installing SerialToJointState script to /home/manulp/Desktop/rhino_ws/install/rhino_description/lib/rhino_description
writing list of installed files to '/home/manulp/Desktop/rhino_ws/build/rhino_description/install.log'
