[2.448s] Invoking command in '/home/manolo/rhino_ws/src/rhino_description': DEBUGINFOD_URLS=https://debuginfod.ubuntu.com PYTHONPATH=/home/manolo/rhino_ws/build/rhino_description/prefix_override:/usr/lib/python3/dist-packages/colcon_core/task/python/colcon_distutils_commands:/home/manolo/rhino_ws/install/rhino_description/lib/python3.12/site-packages:${PYTHONPATH} /usr/bin/python3 -W ignore:setup.py install is deprecated -W ignore:easy_install command is deprecated setup.py egg_info --egg-base ../../build/rhino_description build --build-base /home/manolo/rhino_ws/build/rhino_description/build install --record /home/manolo/rhino_ws/build/rhino_description/install.log --single-version-externally-managed install_data
[3.139s] running egg_info
[3.187s] writing ../../build/rhino_description/rhino_description.egg-info/PKG-INFO
[3.188s] writing dependency_links to ../../build/rhino_description/rhino_description.egg-info/dependency_links.txt
[3.189s] writing entry points to ../../build/rhino_description/rhino_description.egg-info/entry_points.txt
[3.189s] writing requirements to ../../build/rhino_description/rhino_description.egg-info/requires.txt
[3.190s] writing top-level names to ../../build/rhino_description/rhino_description.egg-info/top_level.txt
[3.291s] reading manifest file '../../build/rhino_description/rhino_description.egg-info/SOURCES.txt'
[3.294s] writing manifest file '../../build/rhino_description/rhino_description.egg-info/SOURCES.txt'
[3.294s] running build
[3.295s] running build_py
[3.296s] running install
[3.317s] running install_lib
[3.369s] running install_data
[3.370s] copying description/rhino.urdf -> /home/manolo/rhino_ws/install/rhino_description/share/rhino_description/description
[3.370s] copying meshes/Engranaje.stl -> /home/manolo/rhino_ws/install/rhino_description/share/rhino_description/meshes
[3.371s] running install_egg_info
[3.419s] removing '/home/manolo/rhino_ws/install/rhino_description/lib/python3.12/site-packages/rhino_description-0.0.0-py3.12.egg-info' (and everything under it)
[3.422s] Copying ../../build/rhino_description/rhino_description.egg-info to /home/manolo/rhino_ws/install/rhino_description/lib/python3.12/site-packages/rhino_description-0.0.0-py3.12.egg-info
[3.424s] running install_scripts
[3.744s] Installing JointControl script to /home/manolo/rhino_ws/install/rhino_description/lib/rhino_description
[3.744s] Installing NewControl script to /home/manolo/rhino_ws/install/rhino_description/lib/rhino_description
[3.744s] Installing SerialToJointState script to /home/manolo/rhino_ws/install/rhino_description/lib/rhino_description
[3.745s] writing list of installed files to '/home/manolo/rhino_ws/build/rhino_description/install.log'
[3.818s] Invoked command in '/home/manolo/rhino_ws/src/rhino_description' returned '0': DEBUGINFOD_URLS=https://debuginfod.ubuntu.com PYTHONPATH=/home/manolo/rhino_ws/build/rhino_description/prefix_override:/usr/lib/python3/dist-packages/colcon_core/task/python/colcon_distutils_commands:/home/manolo/rhino_ws/install/rhino_description/lib/python3.12/site-packages:${PYTHONPATH} /usr/bin/python3 -W ignore:setup.py install is deprecated -W ignore:easy_install command is deprecated setup.py egg_info --egg-base ../../build/rhino_description build --build-base /home/manolo/rhino_ws/build/rhino_description/build install --record /home/manolo/rhino_ws/build/rhino_description/install.log --single-version-externally-managed install_data
