[1.023s] DEBUG:colcon:Command line arguments: ['/usr/bin/colcon', 'build']
[1.024s] DEBUG:colcon:Parsed command line arguments: Namespace(log_base=None, log_level=None, verb_name='build', build_base='build', install_base='install', merge_install=False, symlink_install=False, test_result_base=None, continue_on_error=False, executor='parallel', parallel_workers=16, event_handlers=None, ignore_user_meta=False, metas=['./colcon.meta'], base_paths=['.'], packages_ignore=None, packages_ignore_regex=None, paths=None, packages_up_to=None, packages_up_to_regex=None, packages_above=None, packages_above_and_dependencies=None, packages_above_depth=None, packages_select_by_dep=None, packages_skip_by_dep=None, packages_skip_up_to=None, packages_select_build_failed=False, packages_skip_build_finished=False, packages_select_test_failures=False, packages_skip_test_passed=False, packages_select=None, packages_skip=None, packages_select_regex=None, packages_skip_regex=None, packages_start=None, packages_end=None, allow_overriding=[], cmake_args=None, cmake_target=None, cmake_target_skip_unavailable=False, cmake_clean_cache=False, cmake_clean_first=False, cmake_force_configure=False, ament_cmake_args=None, catkin_cmake_args=None, catkin_skip_building_tests=False, mixin_files=None, mixin=None, verb_parser=<colcon_mixin.mixin.mixin_argument.MixinArgumentDecorator object at 0x79c19aa7bb90>, verb_extension=<colcon_core.verb.build.BuildVerb object at 0x79c19aa7b860>, main=<bound method BuildVerb.main of <colcon_core.verb.build.BuildVerb object at 0x79c19aa7b860>>, mixin_verb=('build',))
[1.239s] Level 1:colcon.colcon_core.package_discovery:discover_packages(colcon_meta) check parameters
[1.239s] Level 1:colcon.colcon_core.package_discovery:discover_packages(recursive) check parameters
[1.240s] Level 1:colcon.colcon_core.package_discovery:discover_packages(ignore) check parameters
[1.240s] Level 1:colcon.colcon_core.package_discovery:discover_packages(path) check parameters
[1.240s] Level 1:colcon.colcon_core.package_discovery:discover_packages(colcon_meta) discover
[1.240s] Level 1:colcon.colcon_core.package_discovery:discover_packages(recursive) discover
[1.240s] INFO:colcon.colcon_core.package_discovery:Crawling recursively for packages in '/home/manolo/rhino_ws'
[1.240s] Level 1:colcon.colcon_core.package_identification:_identify(.) by extensions ['ignore', 'ignore_ament_install']
[1.241s] Level 1:colcon.colcon_core.package_identification:_identify(.) by extension 'ignore'
[1.241s] Level 1:colcon.colcon_core.package_identification:_identify(.) by extension 'ignore_ament_install'
[1.241s] Level 1:colcon.colcon_core.package_identification:_identify(.) by extensions ['colcon_pkg']
[1.241s] Level 1:colcon.colcon_core.package_identification:_identify(.) by extension 'colcon_pkg'
[1.241s] Level 1:colcon.colcon_core.package_identification:_identify(.) by extensions ['colcon_meta']
[1.241s] Level 1:colcon.colcon_core.package_identification:_identify(.) by extension 'colcon_meta'
[1.241s] Level 1:colcon.colcon_core.package_identification:_identify(.) by extensions ['ros']
[1.241s] Level 1:colcon.colcon_core.package_identification:_identify(.) by extension 'ros'
[1.291s] Level 1:colcon.colcon_core.package_identification:_identify(.) by extensions ['cmake', 'python']
[1.291s] Level 1:colcon.colcon_core.package_identification:_identify(.) by extension 'cmake'
[1.291s] Level 1:colcon.colcon_core.package_identification:_identify(.) by extension 'python'
[1.291s] Level 1:colcon.colcon_core.package_identification:_identify(.) by extensions ['python_setup_py']
[1.291s] Level 1:colcon.colcon_core.package_identification:_identify(.) by extension 'python_setup_py'
[1.291s] Level 1:colcon.colcon_core.package_identification:_identify(build) by extensions ['ignore', 'ignore_ament_install']
[1.291s] Level 1:colcon.colcon_core.package_identification:_identify(build) by extension 'ignore'
[1.291s] Level 1:colcon.colcon_core.package_identification:_identify(build) ignored
[1.292s] Level 1:colcon.colcon_core.package_identification:_identify(install) by extensions ['ignore', 'ignore_ament_install']
[1.292s] Level 1:colcon.colcon_core.package_identification:_identify(install) by extension 'ignore'
[1.292s] Level 1:colcon.colcon_core.package_identification:_identify(install) ignored
[1.292s] Level 1:colcon.colcon_core.package_identification:_identify(log) by extensions ['ignore', 'ignore_ament_install']
[1.292s] Level 1:colcon.colcon_core.package_identification:_identify(log) by extension 'ignore'
[1.292s] Level 1:colcon.colcon_core.package_identification:_identify(log) ignored
[1.292s] Level 1:colcon.colcon_core.package_identification:_identify(src) by extensions ['ignore', 'ignore_ament_install']
[1.292s] Level 1:colcon.colcon_core.package_identification:_identify(src) by extension 'ignore'
[1.292s] Level 1:colcon.colcon_core.package_identification:_identify(src) by extension 'ignore_ament_install'
[1.292s] Level 1:colcon.colcon_core.package_identification:_identify(src) by extensions ['colcon_pkg']
[1.292s] Level 1:colcon.colcon_core.package_identification:_identify(src) by extension 'colcon_pkg'
[1.292s] Level 1:colcon.colcon_core.package_identification:_identify(src) by extensions ['colcon_meta']
[1.292s] Level 1:colcon.colcon_core.package_identification:_identify(src) by extension 'colcon_meta'
[1.292s] Level 1:colcon.colcon_core.package_identification:_identify(src) by extensions ['ros']
[1.292s] Level 1:colcon.colcon_core.package_identification:_identify(src) by extension 'ros'
[1.292s] Level 1:colcon.colcon_core.package_identification:_identify(src) by extensions ['cmake', 'python']
[1.292s] Level 1:colcon.colcon_core.package_identification:_identify(src) by extension 'cmake'
[1.292s] Level 1:colcon.colcon_core.package_identification:_identify(src) by extension 'python'
[1.293s] Level 1:colcon.colcon_core.package_identification:_identify(src) by extensions ['python_setup_py']
[1.293s] Level 1:colcon.colcon_core.package_identification:_identify(src) by extension 'python_setup_py'
[1.293s] Level 1:colcon.colcon_core.package_identification:_identify(src/rhino_description) by extensions ['ignore', 'ignore_ament_install']
[1.293s] Level 1:colcon.colcon_core.package_identification:_identify(src/rhino_description) by extension 'ignore'
[1.293s] Level 1:colcon.colcon_core.package_identification:_identify(src/rhino_description) by extension 'ignore_ament_install'
[1.293s] Level 1:colcon.colcon_core.package_identification:_identify(src/rhino_description) by extensions ['colcon_pkg']
[1.293s] Level 1:colcon.colcon_core.package_identification:_identify(src/rhino_description) by extension 'colcon_pkg'
[1.293s] Level 1:colcon.colcon_core.package_identification:_identify(src/rhino_description) by extensions ['colcon_meta']
[1.293s] Level 1:colcon.colcon_core.package_identification:_identify(src/rhino_description) by extension 'colcon_meta'
[1.293s] Level 1:colcon.colcon_core.package_identification:_identify(src/rhino_description) by extensions ['ros']
[1.293s] Level 1:colcon.colcon_core.package_identification:_identify(src/rhino_description) by extension 'ros'
[1.299s] DEBUG:colcon.colcon_core.package_identification:Package 'src/rhino_description' with type 'ros.ament_python' and name 'rhino_description'
[1.299s] Level 1:colcon.colcon_core.package_discovery:discover_packages(recursive) using defaults
[1.299s] Level 1:colcon.colcon_core.package_discovery:discover_packages(ignore) discover
[1.299s] Level 1:colcon.colcon_core.package_discovery:discover_packages(ignore) using defaults
[1.299s] Level 1:colcon.colcon_core.package_discovery:discover_packages(path) discover
[1.299s] Level 1:colcon.colcon_core.package_discovery:discover_packages(path) using defaults
[1.345s] Level 1:colcon.colcon_core.package_discovery:discover_packages(prefix_path) check parameters
[1.345s] Level 1:colcon.colcon_core.package_discovery:discover_packages(prefix_path) discover
[1.355s] DEBUG:colcon.colcon_installed_package_information.package_discovery:Found 290 installed packages in /opt/ros/jazzy
[1.358s] Level 1:colcon.colcon_core.package_discovery:discover_packages(prefix_path) using defaults
[1.412s] Level 5:colcon.colcon_core.verb:set package 'rhino_description' build argument 'cmake_args' from command line to 'None'
[1.412s] Level 5:colcon.colcon_core.verb:set package 'rhino_description' build argument 'cmake_target' from command line to 'None'
[1.412s] Level 5:colcon.colcon_core.verb:set package 'rhino_description' build argument 'cmake_target_skip_unavailable' from command line to 'False'
[1.412s] Level 5:colcon.colcon_core.verb:set package 'rhino_description' build argument 'cmake_clean_cache' from command line to 'False'
[1.412s] Level 5:colcon.colcon_core.verb:set package 'rhino_description' build argument 'cmake_clean_first' from command line to 'False'
[1.412s] Level 5:colcon.colcon_core.verb:set package 'rhino_description' build argument 'cmake_force_configure' from command line to 'False'
[1.412s] Level 5:colcon.colcon_core.verb:set package 'rhino_description' build argument 'ament_cmake_args' from command line to 'None'
[1.412s] Level 5:colcon.colcon_core.verb:set package 'rhino_description' build argument 'catkin_cmake_args' from command line to 'None'
[1.412s] Level 5:colcon.colcon_core.verb:set package 'rhino_description' build argument 'catkin_skip_building_tests' from command line to 'False'
[1.412s] DEBUG:colcon.colcon_core.verb:Building package 'rhino_description' with the following arguments: {'ament_cmake_args': None, 'build_base': '/home/manolo/rhino_ws/build/rhino_description', 'catkin_cmake_args': None, 'catkin_skip_building_tests': False, 'cmake_args': None, 'cmake_clean_cache': False, 'cmake_clean_first': False, 'cmake_force_configure': False, 'cmake_target': None, 'cmake_target_skip_unavailable': False, 'install_base': '/home/manolo/rhino_ws/install/rhino_description', 'merge_install': False, 'path': '/home/manolo/rhino_ws/src/rhino_description', 'symlink_install': False, 'test_result_base': None}
[1.412s] INFO:colcon.colcon_core.executor:Executing jobs using 'parallel' executor
[1.414s] DEBUG:colcon.colcon_parallel_executor.executor.parallel:run_until_complete
[1.414s] INFO:colcon.colcon_ros.task.ament_python.build:Building ROS package in '/home/manolo/rhino_ws/src/rhino_description' with build type 'ament_python'
[1.414s] Level 1:colcon.colcon_core.shell:create_environment_hook('rhino_description', 'ament_prefix_path')
[1.426s] INFO:colcon.colcon_core.plugin_system:Skipping extension 'colcon_core.shell.bat': Not used on non-Windows systems
[1.427s] INFO:colcon.colcon_core.shell:Creating environment hook '/home/manolo/rhino_ws/install/rhino_description/share/rhino_description/hook/ament_prefix_path.ps1'
[1.430s] INFO:colcon.colcon_core.shell:Creating environment descriptor '/home/manolo/rhino_ws/install/rhino_description/share/rhino_description/hook/ament_prefix_path.dsv'
[1.434s] INFO:colcon.colcon_core.shell:Creating environment hook '/home/manolo/rhino_ws/install/rhino_description/share/rhino_description/hook/ament_prefix_path.sh'
[1.438s] INFO:colcon.colcon_core.shell:Skip shell extension 'powershell' for command environment: Not usable outside of PowerShell
[1.438s] DEBUG:colcon.colcon_core.shell:Skip shell extension 'dsv' for command environment
[1.817s] INFO:colcon.colcon_core.task.python.build:Building Python package in '/home/manolo/rhino_ws/src/rhino_description'
[1.817s] INFO:colcon.colcon_core.shell:Skip shell extension 'powershell' for command environment: Not usable outside of PowerShell
[1.817s] DEBUG:colcon.colcon_core.shell:Skip shell extension 'dsv' for command environment
[3.564s] DEBUG:colcon.colcon_core.event_handler.log_command:Invoking command in '/home/manolo/rhino_ws/src/rhino_description': DEBUGINFOD_URLS=https://debuginfod.ubuntu.com PYTHONPATH=/home/manolo/rhino_ws/build/rhino_description/prefix_override:/usr/lib/python3/dist-packages/colcon_core/task/python/colcon_distutils_commands:/home/manolo/rhino_ws/install/rhino_description/lib/python3.12/site-packages:${PYTHONPATH} /usr/bin/python3 -W ignore:setup.py install is deprecated -W ignore:easy_install command is deprecated setup.py egg_info --egg-base ../../build/rhino_description build --build-base /home/manolo/rhino_ws/build/rhino_description/build install --record /home/manolo/rhino_ws/build/rhino_description/install.log --single-version-externally-managed install_data
[4.433s] DEBUG:colcon.colcon_core.event_handler.log_command:Invoked command in '/home/manolo/rhino_ws/src/rhino_description' returned '0': DEBUGINFOD_URLS=https://debuginfod.ubuntu.com PYTHONPATH=/home/manolo/rhino_ws/build/rhino_description/prefix_override:/usr/lib/python3/dist-packages/colcon_core/task/python/colcon_distutils_commands:/home/manolo/rhino_ws/install/rhino_description/lib/python3.12/site-packages:${PYTHONPATH} /usr/bin/python3 -W ignore:setup.py install is deprecated -W ignore:easy_install command is deprecated setup.py egg_info --egg-base ../../build/rhino_description build --build-base /home/manolo/rhino_ws/build/rhino_description/build install --record /home/manolo/rhino_ws/build/rhino_description/install.log --single-version-externally-managed install_data
[4.444s] Level 1:colcon.colcon_core.environment:checking '/home/manolo/rhino_ws/install/rhino_description' for CMake module files
[4.446s] Level 1:colcon.colcon_core.environment:checking '/home/manolo/rhino_ws/install/rhino_description' for CMake config files
[4.447s] Level 1:colcon.colcon_core.environment:checking '/home/manolo/rhino_ws/install/rhino_description/lib'
[4.448s] Level 1:colcon.colcon_core.environment:checking '/home/manolo/rhino_ws/install/rhino_description/bin'
[4.448s] Level 1:colcon.colcon_core.environment:checking '/home/manolo/rhino_ws/install/rhino_description/lib/pkgconfig/rhino_description.pc'
[4.449s] Level 1:colcon.colcon_core.environment:checking '/home/manolo/rhino_ws/install/rhino_description/lib/python3.12/site-packages'
[4.449s] Level 1:colcon.colcon_core.shell:create_environment_hook('rhino_description', 'pythonpath')
[4.450s] INFO:colcon.colcon_core.shell:Creating environment hook '/home/manolo/rhino_ws/install/rhino_description/share/rhino_description/hook/pythonpath.ps1'
[4.451s] INFO:colcon.colcon_core.shell:Creating environment descriptor '/home/manolo/rhino_ws/install/rhino_description/share/rhino_description/hook/pythonpath.dsv'
[4.452s] INFO:colcon.colcon_core.shell:Creating environment hook '/home/manolo/rhino_ws/install/rhino_description/share/rhino_description/hook/pythonpath.sh'
[4.454s] Level 1:colcon.colcon_core.environment:checking '/home/manolo/rhino_ws/install/rhino_description/bin'
[4.454s] Level 1:colcon.colcon_core.environment:create_environment_scripts_only(rhino_description)
[4.455s] INFO:colcon.colcon_core.shell:Creating package script '/home/manolo/rhino_ws/install/rhino_description/share/rhino_description/package.ps1'
[4.460s] INFO:colcon.colcon_core.shell:Creating package descriptor '/home/manolo/rhino_ws/install/rhino_description/share/rhino_description/package.dsv'
[4.464s] INFO:colcon.colcon_core.shell:Creating package script '/home/manolo/rhino_ws/install/rhino_description/share/rhino_description/package.sh'
[4.468s] INFO:colcon.colcon_core.shell:Creating package script '/home/manolo/rhino_ws/install/rhino_description/share/rhino_description/package.bash'
[4.474s] INFO:colcon.colcon_core.shell:Creating package script '/home/manolo/rhino_ws/install/rhino_description/share/rhino_description/package.zsh'
[4.479s] Level 1:colcon.colcon_core.environment:create_file_with_runtime_dependencies(/home/manolo/rhino_ws/install/rhino_description/share/colcon-core/packages/rhino_description)
[4.480s] DEBUG:colcon.colcon_parallel_executor.executor.parallel:closing loop
[4.481s] DEBUG:colcon.colcon_parallel_executor.executor.parallel:loop closed
[4.481s] DEBUG:colcon.colcon_parallel_executor.executor.parallel:run_until_complete finished with '0'
[4.481s] DEBUG:colcon.colcon_core.event_reactor:joining thread
[4.508s] INFO:colcon.colcon_core.plugin_system:Skipping extension 'colcon_notification.desktop_notification.terminal_notifier': Not used on non-Darwin systems
[4.509s] INFO:colcon.colcon_core.plugin_system:Skipping extension 'colcon_notification.desktop_notification.win32': Not used on non-Windows systems
[4.509s] INFO:colcon.colcon_notification.desktop_notification:Sending desktop notification using 'notify2'
[4.603s] DEBUG:colcon.colcon_core.event_reactor:joined thread
[4.604s] INFO:colcon.colcon_core.shell:Creating prefix script '/home/manolo/rhino_ws/install/local_setup.ps1'
[4.608s] INFO:colcon.colcon_core.shell:Creating prefix util module '/home/manolo/rhino_ws/install/_local_setup_util_ps1.py'
[4.614s] INFO:colcon.colcon_core.shell:Creating prefix chain script '/home/manolo/rhino_ws/install/setup.ps1'
[4.619s] INFO:colcon.colcon_core.shell:Creating prefix script '/home/manolo/rhino_ws/install/local_setup.sh'
[4.622s] INFO:colcon.colcon_core.shell:Creating prefix util module '/home/manolo/rhino_ws/install/_local_setup_util_sh.py'
[4.625s] INFO:colcon.colcon_core.shell:Creating prefix chain script '/home/manolo/rhino_ws/install/setup.sh'
[4.630s] INFO:colcon.colcon_core.shell:Creating prefix script '/home/manolo/rhino_ws/install/local_setup.bash'
[4.633s] INFO:colcon.colcon_core.shell:Creating prefix chain script '/home/manolo/rhino_ws/install/setup.bash'
[4.637s] INFO:colcon.colcon_core.shell:Creating prefix script '/home/manolo/rhino_ws/install/local_setup.zsh'
[4.641s] INFO:colcon.colcon_core.shell:Creating prefix chain script '/home/manolo/rhino_ws/install/setup.zsh'
