/home/pin-pin/rhino2/rhino_ws/install/rhino_description/lib/python3.12/site-packages/rhino_description/JointControl.py
/home/pin-pin/rhino2/rhino_ws/install/rhino_description/lib/python3.12/site-packages/rhino_description/expo.py
/home/pin-pin/rhino2/rhino_ws/install/rhino_description/lib/python3.12/site-packages/rhino_description/expo2.py
/home/pin-pin/rhino2/rhino_ws/install/rhino_description/lib/python3.12/site-packages/rhino_description/NewControl.py
/home/pin-pin/rhino2/rhino_ws/install/rhino_description/lib/python3.12/site-packages/rhino_description/rutinaa.py
/home/pin-pin/rhino2/rhino_ws/install/rhino_description/lib/python3.12/site-packages/rhino_description/__init__.py
/home/pin-pin/rhino2/rhino_ws/install/rhino_description/lib/python3.12/site-packages/rhino_description/Rhino_Menu.py
/home/pin-pin/rhino2/rhino_ws/install/rhino_description/lib/python3.12/site-packages/rhino_description/JointStateToSerial.py
/home/pin-pin/rhino2/rhino_ws/install/rhino_description/lib/python3.12/site-packages/rhino_description/joint.py
/home/pin-pin/rhino2/rhino_ws/install/rhino_description/lib/python3.12/site-packages/rhino_description/__pycache__/JointControl.cpython-312.pyc
/home/pin-pin/rhino2/rhino_ws/install/rhino_description/lib/python3.12/site-packages/rhino_description/__pycache__/expo.cpython-312.pyc
/home/pin-pin/rhino2/rhino_ws/install/rhino_description/lib/python3.12/site-packages/rhino_description/__pycache__/expo2.cpython-312.pyc
/home/pin-pin/rhino2/rhino_ws/install/rhino_description/lib/python3.12/site-packages/rhino_description/__pycache__/NewControl.cpython-312.pyc
/home/pin-pin/rhino2/rhino_ws/install/rhino_description/lib/python3.12/site-packages/rhino_description/__pycache__/rutinaa.cpython-312.pyc
/home/pin-pin/rhino2/rhino_ws/install/rhino_description/lib/python3.12/site-packages/rhino_description/__pycache__/__init__.cpython-312.pyc
/home/pin-pin/rhino2/rhino_ws/install/rhino_description/lib/python3.12/site-packages/rhino_description/__pycache__/Rhino_Menu.cpython-312.pyc
/home/pin-pin/rhino2/rhino_ws/install/rhino_description/lib/python3.12/site-packages/rhino_description/__pycache__/JointStateToSerial.cpython-312.pyc
/home/pin-pin/rhino2/rhino_ws/install/rhino_description/lib/python3.12/site-packages/rhino_description/__pycache__/joint.cpython-312.pyc
/home/pin-pin/rhino2/rhino_ws/install/rhino_description/share/ament_index/resource_index/packages/rhino_description
/home/pin-pin/rhino2/rhino_ws/install/rhino_description/share/rhino_description/package.xml
/home/pin-pin/rhino2/rhino_ws/install/rhino_description/share/rhino_description/description/rhino.urdf
/home/pin-pin/rhino2/rhino_ws/install/rhino_description/share/rhino_description/meshes/prueba.stl
/home/pin-pin/rhino2/rhino_ws/install/rhino_description/share/rhino_description/meshes/engranaje.stl
/home/pin-pin/rhino2/rhino_ws/install/rhino_description/share/rhino_description/meshes/brazo.stl
/home/pin-pin/rhino2/rhino_ws/install/rhino_description/share/rhino_description/meshes/antebrazo.stl
/home/pin-pin/rhino2/rhino_ws/install/rhino_description/share/rhino_description/meshes/mano.stl
/home/pin-pin/rhino2/rhino_ws/install/rhino_description/share/rhino_description/launch/test_rhino_rviz.launch.py
/home/pin-pin/rhino2/rhino_ws/install/rhino_description/share/rhino_description/rviz/rhino.rviz
/home/pin-pin/rhino2/rhino_ws/install/rhino_description/lib/python3.12/site-packages/rhino_description-0.0.0-py3.12.egg-info/zip-safe
/home/pin-pin/rhino2/rhino_ws/install/rhino_description/lib/python3.12/site-packages/rhino_description-0.0.0-py3.12.egg-info/top_level.txt
/home/pin-pin/rhino2/rhino_ws/install/rhino_description/lib/python3.12/site-packages/rhino_description-0.0.0-py3.12.egg-info/dependency_links.txt
/home/pin-pin/rhino2/rhino_ws/install/rhino_description/lib/python3.12/site-packages/rhino_description-0.0.0-py3.12.egg-info/PKG-INFO
/home/pin-pin/rhino2/rhino_ws/install/rhino_description/lib/python3.12/site-packages/rhino_description-0.0.0-py3.12.egg-info/SOURCES.txt
/home/pin-pin/rhino2/rhino_ws/install/rhino_description/lib/python3.12/site-packages/rhino_description-0.0.0-py3.12.egg-info/requires.txt
/home/pin-pin/rhino2/rhino_ws/install/rhino_description/lib/python3.12/site-packages/rhino_description-0.0.0-py3.12.egg-info/entry_points.txt
/home/pin-pin/rhino2/rhino_ws/install/rhino_description/lib/rhino_description/JointControl
/home/pin-pin/rhino2/rhino_ws/install/rhino_description/lib/rhino_description/NewControl
/home/pin-pin/rhino2/rhino_ws/install/rhino_description/lib/rhino_description/SerialToJointState
