[2.021s] Invoking command in '/home/manulp/Desktop/rhino_ws/src/rhino_description': DEBUGINFOD_URLS=https://debuginfod.ubuntu.com PYTHONPATH=/home/manulp/Desktop/rhino_ws/build/rhino_description/prefix_override:/usr/lib/python3/dist-packages/colcon_core/task/python/colcon_distutils_commands:/home/manulp/Desktop/rhino_ws/install/rhino_description/lib/python3.12/site-packages:${PYTHONPATH} /usr/bin/python3 -W ignore:setup.py install is deprecated -W ignore:easy_install command is deprecated setup.py egg_info --egg-base ../../build/rhino_description build --build-base /home/manulp/Desktop/rhino_ws/build/rhino_description/build install --record /home/manulp/Desktop/rhino_ws/build/rhino_description/install.log --single-version-externally-managed install_data
[2.482s] running egg_info
[2.505s] writing ../../build/rhino_description/rhino_description.egg-info/PKG-INFO
[2.505s] writing dependency_links to ../../build/rhino_description/rhino_description.egg-info/dependency_links.txt
[2.506s] writing entry points to ../../build/rhino_description/rhino_description.egg-info/entry_points.txt
[2.506s] writing requirements to ../../build/rhino_description/rhino_description.egg-info/requires.txt
[2.506s] writing top-level names to ../../build/rhino_description/rhino_description.egg-info/top_level.txt
[2.556s] reading manifest file '../../build/rhino_description/rhino_description.egg-info/SOURCES.txt'
[2.558s] writing manifest file '../../build/rhino_description/rhino_description.egg-info/SOURCES.txt'
[2.558s] running build
[2.558s] running build_py
[2.558s] copying rhino_description/NewControl.py -> /home/manulp/Desktop/rhino_ws/build/rhino_description/build/lib/rhino_description
[2.559s] copying rhino_description/JointStateToSerial.py -> /home/manulp/Desktop/rhino_ws/build/rhino_description/build/lib/rhino_description
[2.559s] copying rhino_description/expo.py -> /home/manulp/Desktop/rhino_ws/build/rhino_description/build/lib/rhino_description
[2.559s] copying rhino_description/rutinaa.py -> /home/manulp/Desktop/rhino_ws/build/rhino_description/build/lib/rhino_description
[2.559s] copying rhino_description/Mewctrl.py -> /home/manulp/Desktop/rhino_ws/build/rhino_description/build/lib/rhino_description
[2.559s] copying rhino_description/serialread.py -> /home/manulp/Desktop/rhino_ws/build/rhino_description/build/lib/rhino_description
[2.559s] copying rhino_description/expo2.py -> /home/manulp/Desktop/rhino_ws/build/rhino_description/build/lib/rhino_description
[2.559s] copying rhino_description/Rhino_Menu.py -> /home/manulp/Desktop/rhino_ws/build/rhino_description/build/lib/rhino_description
[2.559s] copying rhino_description/joint.py -> /home/manulp/Desktop/rhino_ws/build/rhino_description/build/lib/rhino_description
[2.560s] running install
[2.569s] running install_lib
[2.593s] copying /home/manulp/Desktop/rhino_ws/build/rhino_description/build/lib/rhino_description/NewControl.py -> /home/manulp/Desktop/rhino_ws/install/rhino_description/lib/python3.12/site-packages/rhino_description
[2.593s] copying /home/manulp/Desktop/rhino_ws/build/rhino_description/build/lib/rhino_description/JointStateToSerial.py -> /home/manulp/Desktop/rhino_ws/install/rhino_description/lib/python3.12/site-packages/rhino_description
[2.593s] copying /home/manulp/Desktop/rhino_ws/build/rhino_description/build/lib/rhino_description/expo.py -> /home/manulp/Desktop/rhino_ws/install/rhino_description/lib/python3.12/site-packages/rhino_description
[2.593s] copying /home/manulp/Desktop/rhino_ws/build/rhino_description/build/lib/rhino_description/rutinaa.py -> /home/manulp/Desktop/rhino_ws/install/rhino_description/lib/python3.12/site-packages/rhino_description
[2.593s] copying /home/manulp/Desktop/rhino_ws/build/rhino_description/build/lib/rhino_description/Mewctrl.py -> /home/manulp/Desktop/rhino_ws/install/rhino_description/lib/python3.12/site-packages/rhino_description
[2.593s] copying /home/manulp/Desktop/rhino_ws/build/rhino_description/build/lib/rhino_description/serialread.py -> /home/manulp/Desktop/rhino_ws/install/rhino_description/lib/python3.12/site-packages/rhino_description
[2.593s] copying /home/manulp/Desktop/rhino_ws/build/rhino_description/build/lib/rhino_description/expo2.py -> /home/manulp/Desktop/rhino_ws/install/rhino_description/lib/python3.12/site-packages/rhino_description
[2.593s] copying /home/manulp/Desktop/rhino_ws/build/rhino_description/build/lib/rhino_description/Rhino_Menu.py -> /home/manulp/Desktop/rhino_ws/install/rhino_description/lib/python3.12/site-packages/rhino_description
[2.593s] copying /home/manulp/Desktop/rhino_ws/build/rhino_description/build/lib/rhino_description/joint.py -> /home/manulp/Desktop/rhino_ws/install/rhino_description/lib/python3.12/site-packages/rhino_description
[2.594s] byte-compiling /home/manulp/Desktop/rhino_ws/install/rhino_description/lib/python3.12/site-packages/rhino_description/NewControl.py to NewControl.cpython-312.pyc
[2.595s] byte-compiling /home/manulp/Desktop/rhino_ws/install/rhino_description/lib/python3.12/site-packages/rhino_description/JointStateToSerial.py to JointStateToSerial.cpython-312.pyc
[2.596s] byte-compiling /home/manulp/Desktop/rhino_ws/install/rhino_description/lib/python3.12/site-packages/rhino_description/expo.py to expo.cpython-312.pyc
[2.597s] byte-compiling /home/manulp/Desktop/rhino_ws/install/rhino_description/lib/python3.12/site-packages/rhino_description/rutinaa.py to rutinaa.cpython-312.pyc
[2.599s] byte-compiling /home/manulp/Desktop/rhino_ws/install/rhino_description/lib/python3.12/site-packages/rhino_description/Mewctrl.py to Mewctrl.cpython-312.pyc
[2.600s] byte-compiling /home/manulp/Desktop/rhino_ws/install/rhino_description/lib/python3.12/site-packages/rhino_description/serialread.py to serialread.cpython-312.pyc
[2.601s] byte-compiling /home/manulp/Desktop/rhino_ws/install/rhino_description/lib/python3.12/site-packages/rhino_description/expo2.py to expo2.cpython-312.pyc
[2.603s] byte-compiling /home/manulp/Desktop/rhino_ws/install/rhino_description/lib/python3.12/site-packages/rhino_description/Rhino_Menu.py to Rhino_Menu.cpython-312.pyc
[2.604s] byte-compiling /home/manulp/Desktop/rhino_ws/install/rhino_description/lib/python3.12/site-packages/rhino_description/joint.py to joint.cpython-312.pyc
[2.606s] running install_data
[2.606s] copying launch/test_rhino_rviz.launch.py -> /home/manulp/Desktop/rhino_ws/install/rhino_description/share/rhino_description/launch
[2.607s] running install_egg_info
[2.635s] removing '/home/manulp/Desktop/rhino_ws/install/rhino_description/lib/python3.12/site-packages/rhino_description-0.0.0-py3.12.egg-info' (and everything under it)
[2.635s] Copying ../../build/rhino_description/rhino_description.egg-info to /home/manulp/Desktop/rhino_ws/install/rhino_description/lib/python3.12/site-packages/rhino_description-0.0.0-py3.12.egg-info
[2.637s] running install_scripts
[2.791s] Installing JointControl script to /home/manulp/Desktop/rhino_ws/install/rhino_description/lib/rhino_description
[2.791s] Installing NewControl script to /home/manulp/Desktop/rhino_ws/install/rhino_description/lib/rhino_description
[2.792s] Installing SerialToJointState script to /home/manulp/Desktop/rhino_ws/install/rhino_description/lib/rhino_description
[2.792s] writing list of installed files to '/home/manulp/Desktop/rhino_ws/build/rhino_description/install.log'
[2.827s] Invoked command in '/home/manulp/Desktop/rhino_ws/src/rhino_description' returned '0': DEBUGINFOD_URLS=https://debuginfod.ubuntu.com PYTHONPATH=/home/manulp/Desktop/rhino_ws/build/rhino_description/prefix_override:/usr/lib/python3/dist-packages/colcon_core/task/python/colcon_distutils_commands:/home/manulp/Desktop/rhino_ws/install/rhino_description/lib/python3.12/site-packages:${PYTHONPATH} /usr/bin/python3 -W ignore:setup.py install is deprecated -W ignore:easy_install command is deprecated setup.py egg_info --egg-base ../../build/rhino_description build --build-base /home/manulp/Desktop/rhino_ws/build/rhino_description/build install --record /home/manulp/Desktop/rhino_ws/build/rhino_description/install.log --single-version-externally-managed install_data
