[0.893s] Invoking command in '/home/manolo/rhino_ws/src/rhino_description': DEBUGINFOD_URLS=https://debuginfod.ubuntu.com PYTHONPATH=/home/manolo/rhino_ws/build/rhino_description/prefix_override:/usr/lib/python3/dist-packages/colcon_core/task/python/colcon_distutils_commands:/home/manolo/rhino_ws/install/rhino_description/lib/python3.12/site-packages:${PYTHONPATH} /usr/bin/python3 -W ignore:setup.py install is deprecated -W ignore:easy_install command is deprecated setup.py egg_info --egg-base ../../build/rhino_description build --build-base /home/manolo/rhino_ws/build/rhino_description/build install --record /home/manolo/rhino_ws/build/rhino_description/install.log --single-version-externally-managed install_data
[1.313s] running egg_info
[1.333s] writing ../../build/rhino_description/rhino_description.egg-info/PKG-INFO
[1.334s] writing dependency_links to ../../build/rhino_description/rhino_description.egg-info/dependency_links.txt
[1.334s] writing entry points to ../../build/rhino_description/rhino_description.egg-info/entry_points.txt
[1.334s] writing requirements to ../../build/rhino_description/rhino_description.egg-info/requires.txt
[1.334s] writing top-level names to ../../build/rhino_description/rhino_description.egg-info/top_level.txt
[1.375s] reading manifest file '../../build/rhino_description/rhino_description.egg-info/SOURCES.txt'
[1.376s] writing manifest file '../../build/rhino_description/rhino_description.egg-info/SOURCES.txt'
[1.376s] running build
[1.377s] running build_py
[1.377s] running install
[1.385s] running install_lib
[1.404s] running install_data
[1.405s] running install_egg_info
[1.427s] removing '/home/manolo/rhino_ws/install/rhino_description/lib/python3.12/site-packages/rhino_description-0.0.0-py3.12.egg-info' (and everything under it)
[1.427s] Copying ../../build/rhino_description/rhino_description.egg-info to /home/manolo/rhino_ws/install/rhino_description/lib/python3.12/site-packages/rhino_description-0.0.0-py3.12.egg-info
[1.428s] running install_scripts
[1.561s] Installing JointControl script to /home/manolo/rhino_ws/install/rhino_description/lib/rhino_description
[1.561s] Installing NewControl script to /home/manolo/rhino_ws/install/rhino_description/lib/rhino_description
[1.562s] Installing SerialToJointState script to /home/manolo/rhino_ws/install/rhino_description/lib/rhino_description
[1.562s] writing list of installed files to '/home/manolo/rhino_ws/build/rhino_description/install.log'
[1.590s] Invoked command in '/home/manolo/rhino_ws/src/rhino_description' returned '0': DEBUGINFOD_URLS=https://debuginfod.ubuntu.com PYTHONPATH=/home/manolo/rhino_ws/build/rhino_description/prefix_override:/usr/lib/python3/dist-packages/colcon_core/task/python/colcon_distutils_commands:/home/manolo/rhino_ws/install/rhino_description/lib/python3.12/site-packages:${PYTHONPATH} /usr/bin/python3 -W ignore:setup.py install is deprecated -W ignore:easy_install command is deprecated setup.py egg_info --egg-base ../../build/rhino_description build --build-base /home/manolo/rhino_ws/build/rhino_description/build install --record /home/manolo/rhino_ws/build/rhino_description/install.log --single-version-externally-managed install_data
