running egg_info
creating ../../build/rhino_description/rhino_description.egg-info
writing ../../build/rhino_description/rhino_description.egg-info/PKG-INFO
writing dependency_links to ../../build/rhino_description/rhino_description.egg-info/dependency_links.txt
writing entry points to ../../build/rhino_description/rhino_description.egg-info/entry_points.txt
writing requirements to ../../build/rhino_description/rhino_description.egg-info/requires.txt
writing top-level names to ../../build/rhino_description/rhino_description.egg-info/top_level.txt
writing manifest file '../../build/rhino_description/rhino_description.egg-info/SOURCES.txt'
reading manifest file '../../build/rhino_description/rhino_description.egg-info/SOURCES.txt'
writing manifest file '../../build/rhino_description/rhino_description.egg-info/SOURCES.txt'
running build
running build_py
creating /home/manolo/rhino_ws/build/rhino_description/build
creating /home/manolo/rhino_ws/build/rhino_description/build/lib
creating /home/manolo/rhino_ws/build/rhino_description/build/lib/rhino_description
copying rhino_description/JointStateToSerial.py -> /home/manolo/rhino_ws/build/rhino_description/build/lib/rhino_description
copying rhino_description/joint.py -> /home/manolo/rhino_ws/build/rhino_description/build/lib/rhino_description
copying rhino_description/JointControl.py -> /home/manolo/rhino_ws/build/rhino_description/build/lib/rhino_description
copying rhino_description/NewControl.py -> /home/manolo/rhino_ws/build/rhino_description/build/lib/rhino_description
copying rhino_description/__init__.py -> /home/manolo/rhino_ws/build/rhino_description/build/lib/rhino_description
running install
running install_lib
creating /home/manolo/rhino_ws/install/rhino_description/lib/python3.12/site-packages/rhino_description
copying /home/manolo/rhino_ws/build/rhino_description/build/lib/rhino_description/JointStateToSerial.py -> /home/manolo/rhino_ws/install/rhino_description/lib/python3.12/site-packages/rhino_description
copying /home/manolo/rhino_ws/build/rhino_description/build/lib/rhino_description/joint.py -> /home/manolo/rhino_ws/install/rhino_description/lib/python3.12/site-packages/rhino_description
copying /home/manolo/rhino_ws/build/rhino_description/build/lib/rhino_description/JointControl.py -> /home/manolo/rhino_ws/install/rhino_description/lib/python3.12/site-packages/rhino_description
copying /home/manolo/rhino_ws/build/rhino_description/build/lib/rhino_description/NewControl.py -> /home/manolo/rhino_ws/install/rhino_description/lib/python3.12/site-packages/rhino_description
copying /home/manolo/rhino_ws/build/rhino_description/build/lib/rhino_description/__init__.py -> /home/manolo/rhino_ws/install/rhino_description/lib/python3.12/site-packages/rhino_description
byte-compiling /home/manolo/rhino_ws/install/rhino_description/lib/python3.12/site-packages/rhino_description/JointStateToSerial.py to JointStateToSerial.cpython-312.pyc
byte-compiling /home/manolo/rhino_ws/install/rhino_description/lib/python3.12/site-packages/rhino_description/joint.py to joint.cpython-312.pyc
byte-compiling /home/manolo/rhino_ws/install/rhino_description/lib/python3.12/site-packages/rhino_description/JointControl.py to JointControl.cpython-312.pyc
byte-compiling /home/manolo/rhino_ws/install/rhino_description/lib/python3.12/site-packages/rhino_description/NewControl.py to NewControl.cpython-312.pyc
byte-compiling /home/manolo/rhino_ws/install/rhino_description/lib/python3.12/site-packages/rhino_description/__init__.py to __init__.cpython-312.pyc
running install_data
creating /home/manolo/rhino_ws/install/rhino_description/share/ament_index
creating /home/manolo/rhino_ws/install/rhino_description/share/ament_index/resource_index
creating /home/manolo/rhino_ws/install/rhino_description/share/ament_index/resource_index/packages
copying resource/rhino_description -> /home/manolo/rhino_ws/install/rhino_description/share/ament_index/resource_index/packages
copying package.xml -> /home/manolo/rhino_ws/install/rhino_description/share/rhino_description
creating /home/manolo/rhino_ws/install/rhino_description/share/rhino_description/description
copying description/rhino.urdf -> /home/manolo/rhino_ws/install/rhino_description/share/rhino_description/description
creating /home/manolo/rhino_ws/install/rhino_description/share/rhino_description/meshes
copying meshes/prueba.stl -> /home/manolo/rhino_ws/install/rhino_description/share/rhino_description/meshes
copying meshes/antebrazo.stl -> /home/manolo/rhino_ws/install/rhino_description/share/rhino_description/meshes
copying meshes/brazo.stl -> /home/manolo/rhino_ws/install/rhino_description/share/rhino_description/meshes
creating /home/manolo/rhino_ws/install/rhino_description/share/rhino_description/launch
creating /home/manolo/rhino_ws/install/rhino_description/share/rhino_description/rviz
running install_egg_info
Copying ../../build/rhino_description/rhino_description.egg-info to /home/manolo/rhino_ws/install/rhino_description/lib/python3.12/site-packages/rhino_description-0.0.0-py3.12.egg-info
running install_scripts
Installing JointControl script to /home/manolo/rhino_ws/install/rhino_description/lib/rhino_description
Installing NewControl script to /home/manolo/rhino_ws/install/rhino_description/lib/rhino_description
Installing SerialToJointState script to /home/manolo/rhino_ws/install/rhino_description/lib/rhino_description
writing list of installed files to '/home/manolo/rhino_ws/build/rhino_description/install.log'
