[2.171s] Invoking command in '/home/manolo/rhino_ws/src/rhino_description': DEBUGINFOD_URLS=https://debuginfod.ubuntu.com PYTHONPATH=/home/manolo/rhino_ws/build/rhino_description/prefix_override:/usr/lib/python3/dist-packages/colcon_core/task/python/colcon_distutils_commands:/home/manolo/rhino_ws/install/rhino_description/lib/python3.12/site-packages:${PYTHONPATH} /usr/bin/python3 -W ignore:setup.py install is deprecated -W ignore:easy_install command is deprecated setup.py egg_info --egg-base ../../build/rhino_description build --build-base /home/manolo/rhino_ws/build/rhino_description/build install --record /home/manolo/rhino_ws/build/rhino_description/install.log --single-version-externally-managed install_data
[2.503s] running egg_info
[2.504s] creating ../../build/rhino_description/rhino_description.egg-info
[2.523s] writing ../../build/rhino_description/rhino_description.egg-info/PKG-INFO
[2.524s] writing dependency_links to ../../build/rhino_description/rhino_description.egg-info/dependency_links.txt
[2.524s] writing entry points to ../../build/rhino_description/rhino_description.egg-info/entry_points.txt
[2.524s] writing requirements to ../../build/rhino_description/rhino_description.egg-info/requires.txt
[2.524s] writing top-level names to ../../build/rhino_description/rhino_description.egg-info/top_level.txt
[2.524s] writing manifest file '../../build/rhino_description/rhino_description.egg-info/SOURCES.txt'
[2.566s] reading manifest file '../../build/rhino_description/rhino_description.egg-info/SOURCES.txt'
[2.567s] writing manifest file '../../build/rhino_description/rhino_description.egg-info/SOURCES.txt'
[2.567s] running build
[2.567s] running build_py
[2.567s] creating /home/manolo/rhino_ws/build/rhino_description/build
[2.567s] creating /home/manolo/rhino_ws/build/rhino_description/build/lib
[2.567s] creating /home/manolo/rhino_ws/build/rhino_description/build/lib/rhino_description
[2.567s] copying rhino_description/JointStateToSerial.py -> /home/manolo/rhino_ws/build/rhino_description/build/lib/rhino_description
[2.568s] copying rhino_description/joint.py -> /home/manolo/rhino_ws/build/rhino_description/build/lib/rhino_description
[2.568s] copying rhino_description/JointControl.py -> /home/manolo/rhino_ws/build/rhino_description/build/lib/rhino_description
[2.568s] copying rhino_description/NewControl.py -> /home/manolo/rhino_ws/build/rhino_description/build/lib/rhino_description
[2.568s] copying rhino_description/__init__.py -> /home/manolo/rhino_ws/build/rhino_description/build/lib/rhino_description
[2.568s] running install
[2.575s] running install_lib
[2.594s] creating /home/manolo/rhino_ws/install/rhino_description/lib/python3.12/site-packages/rhino_description
[2.594s] copying /home/manolo/rhino_ws/build/rhino_description/build/lib/rhino_description/JointStateToSerial.py -> /home/manolo/rhino_ws/install/rhino_description/lib/python3.12/site-packages/rhino_description
[2.594s] copying /home/manolo/rhino_ws/build/rhino_description/build/lib/rhino_description/joint.py -> /home/manolo/rhino_ws/install/rhino_description/lib/python3.12/site-packages/rhino_description
[2.595s] copying /home/manolo/rhino_ws/build/rhino_description/build/lib/rhino_description/JointControl.py -> /home/manolo/rhino_ws/install/rhino_description/lib/python3.12/site-packages/rhino_description
[2.595s] copying /home/manolo/rhino_ws/build/rhino_description/build/lib/rhino_description/NewControl.py -> /home/manolo/rhino_ws/install/rhino_description/lib/python3.12/site-packages/rhino_description
[2.595s] copying /home/manolo/rhino_ws/build/rhino_description/build/lib/rhino_description/__init__.py -> /home/manolo/rhino_ws/install/rhino_description/lib/python3.12/site-packages/rhino_description
[2.595s] byte-compiling /home/manolo/rhino_ws/install/rhino_description/lib/python3.12/site-packages/rhino_description/JointStateToSerial.py to JointStateToSerial.cpython-312.pyc
[2.596s] byte-compiling /home/manolo/rhino_ws/install/rhino_description/lib/python3.12/site-packages/rhino_description/joint.py to joint.cpython-312.pyc
[2.597s] byte-compiling /home/manolo/rhino_ws/install/rhino_description/lib/python3.12/site-packages/rhino_description/JointControl.py to JointControl.cpython-312.pyc
[2.598s] byte-compiling /home/manolo/rhino_ws/install/rhino_description/lib/python3.12/site-packages/rhino_description/NewControl.py to NewControl.cpython-312.pyc
[2.600s] byte-compiling /home/manolo/rhino_ws/install/rhino_description/lib/python3.12/site-packages/rhino_description/__init__.py to __init__.cpython-312.pyc
[2.600s] running install_data
[2.600s] creating /home/manolo/rhino_ws/install/rhino_description/share/ament_index
[2.600s] creating /home/manolo/rhino_ws/install/rhino_description/share/ament_index/resource_index
[2.600s] creating /home/manolo/rhino_ws/install/rhino_description/share/ament_index/resource_index/packages
[2.600s] copying resource/rhino_description -> /home/manolo/rhino_ws/install/rhino_description/share/ament_index/resource_index/packages
[2.600s] copying package.xml -> /home/manolo/rhino_ws/install/rhino_description/share/rhino_description
[2.600s] creating /home/manolo/rhino_ws/install/rhino_description/share/rhino_description/description
[2.600s] copying description/rhino.urdf -> /home/manolo/rhino_ws/install/rhino_description/share/rhino_description/description
[2.601s] creating /home/manolo/rhino_ws/install/rhino_description/share/rhino_description/meshes
[2.601s] copying meshes/prueba.stl -> /home/manolo/rhino_ws/install/rhino_description/share/rhino_description/meshes
[2.601s] copying meshes/antebrazo.stl -> /home/manolo/rhino_ws/install/rhino_description/share/rhino_description/meshes
[2.601s] copying meshes/brazo.stl -> /home/manolo/rhino_ws/install/rhino_description/share/rhino_description/meshes
[2.601s] creating /home/manolo/rhino_ws/install/rhino_description/share/rhino_description/launch
[2.601s] creating /home/manolo/rhino_ws/install/rhino_description/share/rhino_description/rviz
[2.601s] running install_egg_info
[2.623s] Copying ../../build/rhino_description/rhino_description.egg-info to /home/manolo/rhino_ws/install/rhino_description/lib/python3.12/site-packages/rhino_description-0.0.0-py3.12.egg-info
[2.624s] running install_scripts
[2.761s] Installing JointControl script to /home/manolo/rhino_ws/install/rhino_description/lib/rhino_description
[2.761s] Installing NewControl script to /home/manolo/rhino_ws/install/rhino_description/lib/rhino_description
[2.761s] Installing SerialToJointState script to /home/manolo/rhino_ws/install/rhino_description/lib/rhino_description
[2.761s] writing list of installed files to '/home/manolo/rhino_ws/build/rhino_description/install.log'
[2.789s] Invoked command in '/home/manolo/rhino_ws/src/rhino_description' returned '0': DEBUGINFOD_URLS=https://debuginfod.ubuntu.com PYTHONPATH=/home/manolo/rhino_ws/build/rhino_description/prefix_override:/usr/lib/python3/dist-packages/colcon_core/task/python/colcon_distutils_commands:/home/manolo/rhino_ws/install/rhino_description/lib/python3.12/site-packages:${PYTHONPATH} /usr/bin/python3 -W ignore:setup.py install is deprecated -W ignore:easy_install command is deprecated setup.py egg_info --egg-base ../../build/rhino_description build --build-base /home/manolo/rhino_ws/build/rhino_description/build install --record /home/manolo/rhino_ws/build/rhino_description/install.log --single-version-externally-managed install_data
