[2.219s] Invoking command in '/home/manolo/rhino_ws/src/rhino_description': DEBUGINFOD_URLS=https://debuginfod.ubuntu.com PYTHONPATH=/home/manolo/rhino_ws/build/rhino_description/prefix_override:/usr/lib/python3/dist-packages/colcon_core/task/python/colcon_distutils_commands:/home/manolo/rhino_ws/install/rhino_description/lib/python3.12/site-packages:${PYTHONPATH} /usr/bin/python3 -W ignore:setup.py install is deprecated -W ignore:easy_install command is deprecated setup.py egg_info --egg-base ../../build/rhino_description build --build-base /home/manolo/rhino_ws/build/rhino_description/build install --record /home/manolo/rhino_ws/build/rhino_description/install.log --single-version-externally-managed install_data
[2.650s] running egg_info
[2.668s] writing ../../build/rhino_description/rhino_description.egg-info/PKG-INFO
[2.669s] writing dependency_links to ../../build/rhino_description/rhino_description.egg-info/dependency_links.txt
[2.669s] writing entry points to ../../build/rhino_description/rhino_description.egg-info/entry_points.txt
[2.669s] writing requirements to ../../build/rhino_description/rhino_description.egg-info/requires.txt
[2.669s] writing top-level names to ../../build/rhino_description/rhino_description.egg-info/top_level.txt
[2.707s] reading manifest file '../../build/rhino_description/rhino_description.egg-info/SOURCES.txt'
[2.708s] writing manifest file '../../build/rhino_description/rhino_description.egg-info/SOURCES.txt'
[2.708s] running build
[2.708s] running build_py
[2.709s] running install
[2.716s] running install_lib
[2.739s] running install_data
[2.739s] copying description/rhino.urdf -> /home/manolo/rhino_ws/install/rhino_description/share/rhino_description/description
[2.739s] copying meshes/mano.stl -> /home/manolo/rhino_ws/install/rhino_description/share/rhino_description/meshes
[2.739s] running install_egg_info
[2.761s] removing '/home/manolo/rhino_ws/install/rhino_description/lib/python3.12/site-packages/rhino_description-0.0.0-py3.12.egg-info' (and everything under it)
[2.761s] Copying ../../build/rhino_description/rhino_description.egg-info to /home/manolo/rhino_ws/install/rhino_description/lib/python3.12/site-packages/rhino_description-0.0.0-py3.12.egg-info
[2.762s] running install_scripts
[2.895s] Installing JointControl script to /home/manolo/rhino_ws/install/rhino_description/lib/rhino_description
[2.896s] Installing NewControl script to /home/manolo/rhino_ws/install/rhino_description/lib/rhino_description
[2.896s] Installing SerialToJointState script to /home/manolo/rhino_ws/install/rhino_description/lib/rhino_description
[2.896s] writing list of installed files to '/home/manolo/rhino_ws/build/rhino_description/install.log'
[2.928s] Invoked command in '/home/manolo/rhino_ws/src/rhino_description' returned '0': DEBUGINFOD_URLS=https://debuginfod.ubuntu.com PYTHONPATH=/home/manolo/rhino_ws/build/rhino_description/prefix_override:/usr/lib/python3/dist-packages/colcon_core/task/python/colcon_distutils_commands:/home/manolo/rhino_ws/install/rhino_description/lib/python3.12/site-packages:${PYTHONPATH} /usr/bin/python3 -W ignore:setup.py install is deprecated -W ignore:easy_install command is deprecated setup.py egg_info --egg-base ../../build/rhino_description build --build-base /home/manolo/rhino_ws/build/rhino_description/build install --record /home/manolo/rhino_ws/build/rhino_description/install.log --single-version-externally-managed install_data
