[0.487s] Invoking command in '/home/manolo/rhino_ws/src/rhino_description': DEBUGINFOD_URLS=https://debuginfod.ubuntu.com PYTHONPATH=/home/manolo/rhino_ws/build/rhino_description/prefix_override:/usr/lib/python3/dist-packages/colcon_core/task/python/colcon_distutils_commands:/home/manolo/rhino_ws/install/rhino_description/lib/python3.12/site-packages:${PYTHONPATH} /usr/bin/python3 -W ignore:setup.py install is deprecated -W ignore:easy_install command is deprecated setup.py egg_info --egg-base ../../build/rhino_description build --build-base /home/manolo/rhino_ws/build/rhino_description/build install --record /home/manolo/rhino_ws/build/rhino_description/install.log --single-version-externally-managed install_data
[0.647s] running egg_info
[0.658s] writing ../../build/rhino_description/rhino_description.egg-info/PKG-INFO
[0.658s] writing dependency_links to ../../build/rhino_description/rhino_description.egg-info/dependency_links.txt
[0.658s] writing entry points to ../../build/rhino_description/rhino_description.egg-info/entry_points.txt
[0.658s] writing requirements to ../../build/rhino_description/rhino_description.egg-info/requires.txt
[0.658s] writing top-level names to ../../build/rhino_description/rhino_description.egg-info/top_level.txt
[0.680s] reading manifest file '../../build/rhino_description/rhino_description.egg-info/SOURCES.txt'
[0.680s] writing manifest file '../../build/rhino_description/rhino_description.egg-info/SOURCES.txt'
[0.680s] running build
[0.680s] running build_py
[0.681s] running install
[0.685s] running install_lib
[0.696s] running install_data
[0.696s] running install_egg_info
[0.708s] removing '/home/manolo/rhino_ws/install/rhino_description/lib/python3.12/site-packages/rhino_description-0.0.0-py3.12.egg-info' (and everything under it)
[0.708s] Copying ../../build/rhino_description/rhino_description.egg-info to /home/manolo/rhino_ws/install/rhino_description/lib/python3.12/site-packages/rhino_description-0.0.0-py3.12.egg-info
[0.708s] running install_scripts
[0.783s] Installing JointControl script to /home/manolo/rhino_ws/install/rhino_description/lib/rhino_description
[0.783s] Installing NewControl script to /home/manolo/rhino_ws/install/rhino_description/lib/rhino_description
[0.783s] Installing SerialToJointState script to /home/manolo/rhino_ws/install/rhino_description/lib/rhino_description
[0.783s] writing list of installed files to '/home/manolo/rhino_ws/build/rhino_description/install.log'
[0.799s] Invoked command in '/home/manolo/rhino_ws/src/rhino_description' returned '0': DEBUGINFOD_URLS=https://debuginfod.ubuntu.com PYTHONPATH=/home/manolo/rhino_ws/build/rhino_description/prefix_override:/usr/lib/python3/dist-packages/colcon_core/task/python/colcon_distutils_commands:/home/manolo/rhino_ws/install/rhino_description/lib/python3.12/site-packages:${PYTHONPATH} /usr/bin/python3 -W ignore:setup.py install is deprecated -W ignore:easy_install command is deprecated setup.py egg_info --egg-base ../../build/rhino_description build --build-base /home/manolo/rhino_ws/build/rhino_description/build install --record /home/manolo/rhino_ws/build/rhino_description/install.log --single-version-externally-managed install_data
